Flow report for Processor
<<<<<<< HEAD:JAguero_IGrane_MGonzales-Digital_Desing_Workshop-2023-Pipelined/Proyecto/output_files/Processor.flow.rpt
Thu May  9 05:21:09 2024
=======
Thu May  9 03:40:53 2024
>>>>>>> c951c2ff4ab034a0dda1c5b6ed5f502a36b4234b:output_files/Processor.flow.rpt
Quartus Prime Version 22.1std.1 Build 917 02/14/2023 SC Lite Edition


---------------------
; Table of Contents ;
---------------------
  1. Legal Notice
  2. Flow Summary
  3. Flow Settings
  4. Flow Non-Default Global Settings
  5. Flow Elapsed Time
  6. Flow OS Summary
  7. Flow Log
  8. Flow Messages
  9. Flow Suppressed Messages



----------------
; Legal Notice ;
----------------
Copyright (C) 2023  Intel Corporation. All rights reserved.
Your use of Intel Corporation's design tools, logic functions 
and other software and tools, and any partner logic 
functions, and any output files from any of the foregoing 
(including device programming or simulation files), and any 
associated documentation or information are expressly subject 
to the terms and conditions of the Intel Program License 
Subscription Agreement, the Intel Quartus Prime License Agreement,
the Intel FPGA IP License Agreement, or other applicable license
agreement, including, without limitation, that your use is for
the sole purpose of programming logic devices manufactured by
Intel and sold by Intel or its authorized distributors.  Please
refer to the applicable agreement for further details, at
https://fpgasoftware.intel.com/eula.



+----------------------------------------------------------------------------------+
; Flow Summary                                                                     ;
+---------------------------------+------------------------------------------------+
<<<<<<< HEAD:JAguero_IGrane_MGonzales-Digital_Desing_Workshop-2023-Pipelined/Proyecto/output_files/Processor.flow.rpt
; Flow Status                     ; Successful - Thu May  9 05:21:09 2024          ;
=======
; Flow Status                     ; Successful - Thu May  9 03:40:53 2024          ;
>>>>>>> c951c2ff4ab034a0dda1c5b6ed5f502a36b4234b:output_files/Processor.flow.rpt
; Quartus Prime Version           ; 22.1std.1 Build 917 02/14/2023 SC Lite Edition ;
; Revision Name                   ; Processor                                      ;
; Top-level Entity Name           ; top                                            ;
; Family                          ; Cyclone V                                      ;
; Device                          ; 5CSEMA5F31C6                                   ;
; Timing Models                   ; Final                                          ;
<<<<<<< HEAD:JAguero_IGrane_MGonzales-Digital_Desing_Workshop-2023-Pipelined/Proyecto/output_files/Processor.flow.rpt
; Logic utilization (in ALMs)     ; 856 / 32,070 ( 3 % )                           ;
; Total registers                 ; 978                                            ;
; Total pins                      ; 67 / 457 ( 15 % )                              ;
=======
; Logic utilization (in ALMs)     ; 950 / 32,070 ( 3 % )                           ;
; Total registers                 ; 961                                            ;
; Total pins                      ; 99 / 457 ( 22 % )                              ;
>>>>>>> c951c2ff4ab034a0dda1c5b6ed5f502a36b4234b:output_files/Processor.flow.rpt
; Total virtual pins              ; 0                                              ;
; Total block memory bits         ; 2,097,152 / 4,065,280 ( 52 % )                 ;
; Total DSP Blocks                ; 0 / 87 ( 0 % )                                 ;
; Total HSSI RX PCSs              ; 0                                              ;
; Total HSSI PMA RX Deserializers ; 0                                              ;
; Total HSSI TX PCSs              ; 0                                              ;
; Total HSSI PMA TX Serializers   ; 0                                              ;
; Total PLLs                      ; 0 / 6 ( 0 % )                                  ;
; Total DLLs                      ; 0 / 4 ( 0 % )                                  ;
+---------------------------------+------------------------------------------------+


+-----------------------------------------+
; Flow Settings                           ;
+-------------------+---------------------+
; Option            ; Setting             ;
+-------------------+---------------------+
<<<<<<< HEAD:JAguero_IGrane_MGonzales-Digital_Desing_Workshop-2023-Pipelined/Proyecto/output_files/Processor.flow.rpt
; Start date & time ; 05/09/2024 05:16:12 ;
=======
; Start date & time ; 05/09/2024 03:35:45 ;
>>>>>>> c951c2ff4ab034a0dda1c5b6ed5f502a36b4234b:output_files/Processor.flow.rpt
; Main task         ; Compilation         ;
; Revision Name     ; Processor           ;
+-------------------+---------------------+


+-------------------------------------------------------------------------------------------------------------------------------------------------+
; Flow Non-Default Global Settings                                                                                                                ;
+--------------------------------------+----------------------------------------+---------------+-------------+-----------------------------------+
; Assignment Name                      ; Value                                  ; Default Value ; Entity Name ; Section Id                        ;
+--------------------------------------+----------------------------------------+---------------+-------------+-----------------------------------+
<<<<<<< HEAD:JAguero_IGrane_MGonzales-Digital_Desing_Workshop-2023-Pipelined/Proyecto/output_files/Processor.flow.rpt
; COMPILER_SIGNATURE_ID                ; 167300352075799.171525337209292        ; --            ; --          ; --                                ;
=======
; COMPILER_SIGNATURE_ID                ; 167300352075799.171524734504992        ; --            ; --          ; --                                ;
>>>>>>> c951c2ff4ab034a0dda1c5b6ed5f502a36b4234b:output_files/Processor.flow.rpt
; EDA_DESIGN_INSTANCE_NAME             ; NA                                     ; --            ; --          ; testbench                         ;
; EDA_GENERATE_FUNCTIONAL_NETLIST      ; Off                                    ; --            ; --          ; eda_board_design_timing           ;
; EDA_GENERATE_FUNCTIONAL_NETLIST      ; Off                                    ; --            ; --          ; eda_board_design_boundary_scan    ;
; EDA_GENERATE_FUNCTIONAL_NETLIST      ; Off                                    ; --            ; --          ; eda_board_design_signal_integrity ;
; EDA_GENERATE_FUNCTIONAL_NETLIST      ; Off                                    ; --            ; --          ; eda_board_design_symbol           ;
; EDA_NATIVELINK_SIMULATION_TEST_BENCH ; testbench                              ; --            ; --          ; eda_simulation                    ;
; EDA_OUTPUT_DATA_FORMAT               ; Systemverilog Hdl                      ; --            ; --          ; eda_simulation                    ;
; EDA_SIMULATION_TOOL                  ; ModelSim (SystemVerilog)               ; <None>        ; --          ; --                                ;
; EDA_TEST_BENCH_ENABLE_STATUS         ; TEST_BENCH_MODE                        ; --            ; --          ; eda_simulation                    ;
; EDA_TEST_BENCH_FILE                  ; testbench.sv                           ; --            ; --          ; testbench                         ;
; EDA_TEST_BENCH_MODULE_NAME           ; testbench                              ; --            ; --          ; testbench                         ;
; EDA_TEST_BENCH_NAME                  ; testbench                              ; --            ; --          ; eda_simulation                    ;
; EDA_TIME_SCALE                       ; 1 ps                                   ; --            ; --          ; eda_simulation                    ;
; MAX_CORE_JUNCTION_TEMP               ; 85                                     ; --            ; --          ; --                                ;
; MIN_CORE_JUNCTION_TEMP               ; 0                                      ; --            ; --          ; --                                ;
; MISC_FILE                            ; RAMMemory_inst.v                       ; --            ; --          ; --                                ;
; MISC_FILE                            ; RAMMemory_bb.v                         ; --            ; --          ; --                                ;
; PARTITION_COLOR                      ; -- (Not supported for targeted family) ; --            ; top         ; Top                               ;
; PARTITION_FITTER_PRESERVATION_LEVEL  ; -- (Not supported for targeted family) ; --            ; top         ; Top                               ;
; PARTITION_NETLIST_TYPE               ; -- (Not supported for targeted family) ; --            ; top         ; Top                               ;
; POWER_BOARD_THERMAL_MODEL            ; None (CONSERVATIVE)                    ; --            ; --          ; --                                ;
; POWER_PRESET_COOLING_SOLUTION        ; 23 MM HEAT SINK WITH 200 LFPM AIRFLOW  ; --            ; --          ; --                                ;
; PROJECT_OUTPUT_DIRECTORY             ; output_files                           ; --            ; --          ; --                                ;
; TOP_LEVEL_ENTITY                     ; top                                    ; Processor     ; --          ; --                                ;
+--------------------------------------+----------------------------------------+---------------+-------------+-----------------------------------+


+--------------------------------------------------------------------------------------------------------------------------+
; Flow Elapsed Time                                                                                                        ;
+----------------------+--------------+-------------------------+---------------------+------------------------------------+
; Module Name          ; Elapsed Time ; Average Processors Used ; Peak Virtual Memory ; Total CPU Time (on all processors) ;
+----------------------+--------------+-------------------------+---------------------+------------------------------------+
<<<<<<< HEAD:JAguero_IGrane_MGonzales-Digital_Desing_Workshop-2023-Pipelined/Proyecto/output_files/Processor.flow.rpt
; Analysis & Synthesis ; 00:00:23     ; 1.0                     ; 4935 MB             ; 00:00:35                           ;
; Fitter               ; 00:03:59     ; 1.2                     ; 6782 MB             ; 00:05:17                           ;
; Assembler            ; 00:00:10     ; 1.0                     ; 4902 MB             ; 00:00:10                           ;
; Timing Analyzer      ; 00:00:15     ; 3.3                     ; 5295 MB             ; 00:00:38                           ;
; EDA Netlist Writer   ; 00:00:03     ; 1.0                     ; 4779 MB             ; 00:00:03                           ;
; Total                ; 00:04:50     ; --                      ; --                  ; 00:06:43                           ;
=======
; Analysis & Synthesis ; 00:00:35     ; 1.0                     ; 4965 MB             ; 00:00:37                           ;
; Fitter               ; 00:03:55     ; 1.2                     ; 6795 MB             ; 00:05:15                           ;
; Assembler            ; 00:00:12     ; 1.0                     ; 4908 MB             ; 00:00:09                           ;
; Timing Analyzer      ; 00:00:14     ; 2.8                     ; 5297 MB             ; 00:00:30                           ;
; EDA Netlist Writer   ; 00:00:03     ; 1.0                     ; 4778 MB             ; 00:00:03                           ;
; Total                ; 00:04:59     ; --                      ; --                  ; 00:06:34                           ;
>>>>>>> c951c2ff4ab034a0dda1c5b6ed5f502a36b4234b:output_files/Processor.flow.rpt
+----------------------+--------------+-------------------------+---------------------+------------------------------------+


+------------------------------------------------------------------------------------+
; Flow OS Summary                                                                    ;
+----------------------+------------------+------------+------------+----------------+
; Module Name          ; Machine Hostname ; OS Name    ; OS Version ; Processor type ;
+----------------------+------------------+------------+------------+----------------+
; Analysis & Synthesis ; DESKTOP-TA9TDCF  ; Windows 10 ; 10.0       ; x86_64         ;
; Fitter               ; DESKTOP-TA9TDCF  ; Windows 10 ; 10.0       ; x86_64         ;
; Assembler            ; DESKTOP-TA9TDCF  ; Windows 10 ; 10.0       ; x86_64         ;
; Timing Analyzer      ; DESKTOP-TA9TDCF  ; Windows 10 ; 10.0       ; x86_64         ;
; EDA Netlist Writer   ; DESKTOP-TA9TDCF  ; Windows 10 ; 10.0       ; x86_64         ;
+----------------------+------------------+------------+------------+----------------+


------------
; Flow Log ;
------------
quartus_map --read_settings_files=on --write_settings_files=off Processor -c Processor
quartus_fit --read_settings_files=off --write_settings_files=off Processor -c Processor
quartus_asm --read_settings_files=off --write_settings_files=off Processor -c Processor
quartus_sta Processor -c Processor
quartus_eda --read_settings_files=off --write_settings_files=off Processor -c Processor



