Analysis & Synthesis report for Processor
Wed May  8 12:45:19 2024
Quartus Prime Version 22.1std.1 Build 917 02/14/2023 SC Lite Edition


---------------------
; Table of Contents ;
---------------------
  1. Legal Notice
  2. Analysis & Synthesis Summary
  3. Analysis & Synthesis Settings
  4. Parallel Compilation
  5. Analysis & Synthesis Source Files Read
  6. Analysis & Synthesis Resource Usage Summary
  7. Analysis & Synthesis Resource Utilization by Entity
  8. Analysis & Synthesis RAM Summary
  9. Analysis & Synthesis IP Cores Summary
 10. General Register Statistics
 11. Multiplexer Restructuring Statistics (Restructuring Performed)
 12. Source assignments for instructionROM:rom1|altsyncram:altsyncram_component|altsyncram_21h1:auto_generated
 13. Source assignments for RAMMemory:ram1|altsyncram:altsyncram_component|altsyncram_t9o1:auto_generated
 14. Parameter Settings for User Entity Instance: arm:arm1|controller:c|condlogic:cl|flopenr:flagreg1
 15. Parameter Settings for User Entity Instance: arm:arm1|controller:c|condlogic:cl|flopenr:flagreg0
 16. Parameter Settings for User Entity Instance: arm:arm1|datapath:dp|mux2:pcmux
 17. Parameter Settings for User Entity Instance: arm:arm1|datapath:dp|flopr:pcreg
 18. Parameter Settings for User Entity Instance: arm:arm1|datapath:dp|adder:pcadd1
 19. Parameter Settings for User Entity Instance: arm:arm1|datapath:dp|adder:pcadd2
 20. Parameter Settings for User Entity Instance: arm:arm1|datapath:dp|mux2:ra1mux
 21. Parameter Settings for User Entity Instance: arm:arm1|datapath:dp|mux2:ra2mux
 22. Parameter Settings for User Entity Instance: arm:arm1|datapath:dp|mux2:resmux
 23. Parameter Settings for User Entity Instance: arm:arm1|datapath:dp|mux2:srcbmux
 24. Parameter Settings for User Entity Instance: instructionROM:rom1|altsyncram:altsyncram_component
 25. Parameter Settings for User Entity Instance: RAMMemory:ram1|altsyncram:altsyncram_component
 26. altsyncram Parameter Settings by Entity Instance
 27. Port Connectivity Checks: "arm:arm1|datapath:dp|mux2:ra1mux"
 28. Port Connectivity Checks: "arm:arm1|datapath:dp|adder:pcadd2"
 29. Port Connectivity Checks: "arm:arm1|datapath:dp|adder:pcadd1"
 30. Port Connectivity Checks: "arm:arm1"
 31. Post-Synthesis Netlist Statistics for Top Partition
 32. Elapsed Time Per Partition
 33. Analysis & Synthesis Messages
 34. Analysis & Synthesis Suppressed Messages



----------------
; Legal Notice ;
----------------
Copyright (C) 2023  Intel Corporation. All rights reserved.
Your use of Intel Corporation's design tools, logic functions 
and other software and tools, and any partner logic 
functions, and any output files from any of the foregoing 
(including device programming or simulation files), and any 
associated documentation or information are expressly subject 
to the terms and conditions of the Intel Program License 
Subscription Agreement, the Intel Quartus Prime License Agreement,
the Intel FPGA IP License Agreement, or other applicable license
agreement, including, without limitation, that your use is for
the sole purpose of programming logic devices manufactured by
Intel and sold by Intel or its authorized distributors.  Please
refer to the applicable agreement for further details, at
https://fpgasoftware.intel.com/eula.



+----------------------------------------------------------------------------------+
; Analysis & Synthesis Summary                                                     ;
+---------------------------------+------------------------------------------------+
; Analysis & Synthesis Status     ; Successful - Wed May  8 12:45:19 2024          ;
; Quartus Prime Version           ; 22.1std.1 Build 917 02/14/2023 SC Lite Edition ;
; Revision Name                   ; Processor                                      ;
; Top-level Entity Name           ; top                                            ;
; Family                          ; Cyclone V                                      ;
; Logic utilization (in ALMs)     ; N/A                                            ;
; Total registers                 ; 522                                            ;
; Total pins                      ; 67                                             ;
; Total virtual pins              ; 0                                              ;
; Total block memory bits         ; 4,194,304                                      ;
; Total DSP Blocks                ; 0                                              ;
; Total HSSI RX PCSs              ; 0                                              ;
; Total HSSI PMA RX Deserializers ; 0                                              ;
; Total HSSI TX PCSs              ; 0                                              ;
; Total HSSI PMA TX Serializers   ; 0                                              ;
; Total PLLs                      ; 0                                              ;
; Total DLLs                      ; 0                                              ;
+---------------------------------+------------------------------------------------+


+---------------------------------------------------------------------------------------------------------------------------+
; Analysis & Synthesis Settings                                                                                             ;
+---------------------------------------------------------------------------------+--------------------+--------------------+
; Option                                                                          ; Setting            ; Default Value      ;
+---------------------------------------------------------------------------------+--------------------+--------------------+
; Device                                                                          ; 5CSEMA5F31C6       ;                    ;
; Top-level entity name                                                           ; top                ; Processor          ;
; Family name                                                                     ; Cyclone V          ; Cyclone V          ;
; Use smart compilation                                                           ; Off                ; Off                ;
; Enable parallel Assembler and Timing Analyzer during compilation                ; On                 ; On                 ;
; Enable compact report table                                                     ; Off                ; Off                ;
; Restructure Multiplexers                                                        ; Auto               ; Auto               ;
; MLAB Add Timing Constraints For Mixed-Port Feed-Through Mode Setting Don't Care ; Off                ; Off                ;
; Create Debugging Nodes for IP Cores                                             ; Off                ; Off                ;
; Preserve fewer node names                                                       ; On                 ; On                 ;
; Intel FPGA IP Evaluation Mode                                                   ; Enable             ; Enable             ;
; Verilog Version                                                                 ; Verilog_2001       ; Verilog_2001       ;
; VHDL Version                                                                    ; VHDL_1993          ; VHDL_1993          ;
; State Machine Processing                                                        ; Auto               ; Auto               ;
; Safe State Machine                                                              ; Off                ; Off                ;
; Extract Verilog State Machines                                                  ; On                 ; On                 ;
; Extract VHDL State Machines                                                     ; On                 ; On                 ;
; Ignore Verilog initial constructs                                               ; Off                ; Off                ;
; Iteration limit for constant Verilog loops                                      ; 5000               ; 5000               ;
; Iteration limit for non-constant Verilog loops                                  ; 250                ; 250                ;
; Add Pass-Through Logic to Inferred RAMs                                         ; On                 ; On                 ;
; Infer RAMs from Raw Logic                                                       ; On                 ; On                 ;
; Parallel Synthesis                                                              ; On                 ; On                 ;
; DSP Block Balancing                                                             ; Auto               ; Auto               ;
; NOT Gate Push-Back                                                              ; On                 ; On                 ;
; Power-Up Don't Care                                                             ; On                 ; On                 ;
; Remove Redundant Logic Cells                                                    ; Off                ; Off                ;
; Remove Duplicate Registers                                                      ; On                 ; On                 ;
; Ignore CARRY Buffers                                                            ; Off                ; Off                ;
; Ignore CASCADE Buffers                                                          ; Off                ; Off                ;
; Ignore GLOBAL Buffers                                                           ; Off                ; Off                ;
; Ignore ROW GLOBAL Buffers                                                       ; Off                ; Off                ;
; Ignore LCELL Buffers                                                            ; Off                ; Off                ;
; Ignore SOFT Buffers                                                             ; On                 ; On                 ;
; Limit AHDL Integers to 32 Bits                                                  ; Off                ; Off                ;
; Optimization Technique                                                          ; Balanced           ; Balanced           ;
; Carry Chain Length                                                              ; 70                 ; 70                 ;
; Auto Carry Chains                                                               ; On                 ; On                 ;
; Auto Open-Drain Pins                                                            ; On                 ; On                 ;
; Perform WYSIWYG Primitive Resynthesis                                           ; Off                ; Off                ;
; Auto ROM Replacement                                                            ; On                 ; On                 ;
; Auto RAM Replacement                                                            ; On                 ; On                 ;
; Auto DSP Block Replacement                                                      ; On                 ; On                 ;
; Auto Shift Register Replacement                                                 ; Auto               ; Auto               ;
; Allow Shift Register Merging across Hierarchies                                 ; Auto               ; Auto               ;
; Auto Clock Enable Replacement                                                   ; On                 ; On                 ;
; Strict RAM Replacement                                                          ; Off                ; Off                ;
; Allow Synchronous Control Signals                                               ; On                 ; On                 ;
; Force Use of Synchronous Clear Signals                                          ; Off                ; Off                ;
; Auto Resource Sharing                                                           ; Off                ; Off                ;
; Allow Any RAM Size For Recognition                                              ; Off                ; Off                ;
; Allow Any ROM Size For Recognition                                              ; Off                ; Off                ;
; Allow Any Shift Register Size For Recognition                                   ; Off                ; Off                ;
; Use LogicLock Constraints during Resource Balancing                             ; On                 ; On                 ;
; Ignore translate_off and synthesis_off directives                               ; Off                ; Off                ;
; Timing-Driven Synthesis                                                         ; On                 ; On                 ;
; Report Parameter Settings                                                       ; On                 ; On                 ;
; Report Source Assignments                                                       ; On                 ; On                 ;
; Report Connectivity Checks                                                      ; On                 ; On                 ;
; Ignore Maximum Fan-Out Assignments                                              ; Off                ; Off                ;
; Synchronization Register Chain Length                                           ; 3                  ; 3                  ;
; Power Optimization During Synthesis                                             ; Normal compilation ; Normal compilation ;
; HDL message level                                                               ; Level2             ; Level2             ;
; Suppress Register Optimization Related Messages                                 ; Off                ; Off                ;
; Number of Removed Registers Reported in Synthesis Report                        ; 5000               ; 5000               ;
; Number of Swept Nodes Reported in Synthesis Report                              ; 5000               ; 5000               ;
; Number of Inverted Registers Reported in Synthesis Report                       ; 100                ; 100                ;
; Clock MUX Protection                                                            ; On                 ; On                 ;
; Auto Gated Clock Conversion                                                     ; Off                ; Off                ;
; Block Design Naming                                                             ; Auto               ; Auto               ;
; SDC constraint protection                                                       ; Off                ; Off                ;
; Synthesis Effort                                                                ; Auto               ; Auto               ;
; Shift Register Replacement - Allow Asynchronous Clear Signal                    ; On                 ; On                 ;
; Pre-Mapping Resynthesis Optimization                                            ; Off                ; Off                ;
; Analysis & Synthesis Message Level                                              ; Medium             ; Medium             ;
; Disable Register Merging Across Hierarchies                                     ; Auto               ; Auto               ;
; Resource Aware Inference For Block RAM                                          ; On                 ; On                 ;
; Automatic Parallel Synthesis                                                    ; On                 ; On                 ;
; Partial Reconfiguration Bitstream ID                                            ; Off                ; Off                ;
+---------------------------------------------------------------------------------+--------------------+--------------------+


+------------------------------------------+
; Parallel Compilation                     ;
+----------------------------+-------------+
; Processors                 ; Number      ;
+----------------------------+-------------+
; Number detected on machine ; 12          ;
; Maximum allowed            ; 6           ;
;                            ;             ;
; Average used               ; 1.00        ;
; Maximum used               ; 6           ;
;                            ;             ;
; Usage by Processor         ; % Time Used ;
;     Processor 1            ; 100.0%      ;
;     Processor 2            ;   0.0%      ;
;     Processor 3            ;   0.0%      ;
;     Processor 4            ;   0.0%      ;
;     Processor 5            ;   0.0%      ;
;     Processor 6            ;   0.0%      ;
+----------------------------+-------------+


+-------------------------------------------------------------------------------------------------------------------------------------------------------------------------------------------------------------------------------------------------------------+
; Analysis & Synthesis Source Files Read                                                                                                                                                                                                                      ;
+----------------------------------+-----------------+----------------------------------+-----------------------------------------------------------------------------------------------------------------------------------------------------------+---------+
; File Name with User-Entered Path ; Used in Netlist ; File Type                        ; File Name with Absolute Path                                                                                                                              ; Library ;
+----------------------------------+-----------------+----------------------------------+-----------------------------------------------------------------------------------------------------------------------------------------------------------+---------+
; Instructions.mif                 ; yes             ; User Memory Initialization File  ; C:/Users/Ignac/Documentos/Arqui1/PruebasDeProcesador/JAguero_IGrane_MGonzales-Digital_Desing_Workshop-2023-VersionConROMs/Proyecto/Instructions.mif       ;         ;
; arm.sv                           ; yes             ; User SystemVerilog HDL File      ; C:/Users/Ignac/Documentos/Arqui1/PruebasDeProcesador/JAguero_IGrane_MGonzales-Digital_Desing_Workshop-2023-VersionConROMs/Proyecto/arm.sv                 ;         ;
; controller.sv                    ; yes             ; User SystemVerilog HDL File      ; C:/Users/Ignac/Documentos/Arqui1/PruebasDeProcesador/JAguero_IGrane_MGonzales-Digital_Desing_Workshop-2023-VersionConROMs/Proyecto/controller.sv          ;         ;
; decoder.sv                       ; yes             ; User SystemVerilog HDL File      ; C:/Users/Ignac/Documentos/Arqui1/PruebasDeProcesador/JAguero_IGrane_MGonzales-Digital_Desing_Workshop-2023-VersionConROMs/Proyecto/decoder.sv             ;         ;
; condlogic.sv                     ; yes             ; User SystemVerilog HDL File      ; C:/Users/Ignac/Documentos/Arqui1/PruebasDeProcesador/JAguero_IGrane_MGonzales-Digital_Desing_Workshop-2023-VersionConROMs/Proyecto/condlogic.sv           ;         ;
; datapath.sv                      ; yes             ; User SystemVerilog HDL File      ; C:/Users/Ignac/Documentos/Arqui1/PruebasDeProcesador/JAguero_IGrane_MGonzales-Digital_Desing_Workshop-2023-VersionConROMs/Proyecto/datapath.sv            ;         ;
; regfile.sv                       ; yes             ; User SystemVerilog HDL File      ; C:/Users/Ignac/Documentos/Arqui1/PruebasDeProcesador/JAguero_IGrane_MGonzales-Digital_Desing_Workshop-2023-VersionConROMs/Proyecto/regfile.sv             ;         ;
; adder.sv                         ; yes             ; User SystemVerilog HDL File      ; C:/Users/Ignac/Documentos/Arqui1/PruebasDeProcesador/JAguero_IGrane_MGonzales-Digital_Desing_Workshop-2023-VersionConROMs/Proyecto/adder.sv               ;         ;
; extend.sv                        ; yes             ; User SystemVerilog HDL File      ; C:/Users/Ignac/Documentos/Arqui1/PruebasDeProcesador/JAguero_IGrane_MGonzales-Digital_Desing_Workshop-2023-VersionConROMs/Proyecto/extend.sv              ;         ;
; flopr.sv                         ; yes             ; User SystemVerilog HDL File      ; C:/Users/Ignac/Documentos/Arqui1/PruebasDeProcesador/JAguero_IGrane_MGonzales-Digital_Desing_Workshop-2023-VersionConROMs/Proyecto/flopr.sv               ;         ;
; mux2.sv                          ; yes             ; User SystemVerilog HDL File      ; C:/Users/Ignac/Documentos/Arqui1/PruebasDeProcesador/JAguero_IGrane_MGonzales-Digital_Desing_Workshop-2023-VersionConROMs/Proyecto/mux2.sv                ;         ;
; flopenr.sv                       ; yes             ; User SystemVerilog HDL File      ; C:/Users/Ignac/Documentos/Arqui1/PruebasDeProcesador/JAguero_IGrane_MGonzales-Digital_Desing_Workshop-2023-VersionConROMs/Proyecto/flopenr.sv             ;         ;
; top.sv                           ; yes             ; User SystemVerilog HDL File      ; C:/Users/Ignac/Documentos/Arqui1/PruebasDeProcesador/JAguero_IGrane_MGonzales-Digital_Desing_Workshop-2023-VersionConROMs/Proyecto/top.sv                 ;         ;
; ALUChava.sv                      ; yes             ; User SystemVerilog HDL File      ; C:/Users/Ignac/Documentos/Arqui1/PruebasDeProcesador/JAguero_IGrane_MGonzales-Digital_Desing_Workshop-2023-VersionConROMs/Proyecto/ALUChava.sv            ;         ;
; instructionROM.v                 ; yes             ; User Wizard-Generated File       ; C:/Users/Ignac/Documentos/Arqui1/PruebasDeProcesador/JAguero_IGrane_MGonzales-Digital_Desing_Workshop-2023-VersionConROMs/Proyecto/instructionROM.v       ;         ;
; RAM.mif                          ; yes             ; User Memory Initialization File  ; C:/Users/Ignac/Documentos/Arqui1/PruebasDeProcesador/JAguero_IGrane_MGonzales-Digital_Desing_Workshop-2023-VersionConROMs/Proyecto/RAM.mif                ;         ;
; RAMMemory.v                      ; yes             ; User Wizard-Generated File       ; C:/Users/Ignac/Documentos/Arqui1/PruebasDeProcesador/JAguero_IGrane_MGonzales-Digital_Desing_Workshop-2023-VersionConROMs/Proyecto/RAMMemory.v            ;         ;
; altsyncram.tdf                   ; yes             ; Megafunction                     ; c:/intelfpga_lite/22.1std/quartus/libraries/megafunctions/altsyncram.tdf                                                                                  ;         ;
; stratix_ram_block.inc            ; yes             ; Megafunction                     ; c:/intelfpga_lite/22.1std/quartus/libraries/megafunctions/stratix_ram_block.inc                                                                           ;         ;
; lpm_mux.inc                      ; yes             ; Megafunction                     ; c:/intelfpga_lite/22.1std/quartus/libraries/megafunctions/lpm_mux.inc                                                                                     ;         ;
; lpm_decode.inc                   ; yes             ; Megafunction                     ; c:/intelfpga_lite/22.1std/quartus/libraries/megafunctions/lpm_decode.inc                                                                                  ;         ;
; aglobal221.inc                   ; yes             ; Megafunction                     ; c:/intelfpga_lite/22.1std/quartus/libraries/megafunctions/aglobal221.inc                                                                                  ;         ;
; a_rdenreg.inc                    ; yes             ; Megafunction                     ; c:/intelfpga_lite/22.1std/quartus/libraries/megafunctions/a_rdenreg.inc                                                                                   ;         ;
; altrom.inc                       ; yes             ; Megafunction                     ; c:/intelfpga_lite/22.1std/quartus/libraries/megafunctions/altrom.inc                                                                                      ;         ;
; altram.inc                       ; yes             ; Megafunction                     ; c:/intelfpga_lite/22.1std/quartus/libraries/megafunctions/altram.inc                                                                                      ;         ;
; altdpram.inc                     ; yes             ; Megafunction                     ; c:/intelfpga_lite/22.1std/quartus/libraries/megafunctions/altdpram.inc                                                                                    ;         ;
; db/altsyncram_21h1.tdf           ; yes             ; Auto-Generated Megafunction      ; C:/Users/Ignac/Documentos/Arqui1/PruebasDeProcesador/JAguero_IGrane_MGonzales-Digital_Desing_Workshop-2023-VersionConROMs/Proyecto/db/altsyncram_21h1.tdf ;         ;
; db/decode_61a.tdf                ; yes             ; Auto-Generated Megafunction      ; C:/Users/Ignac/Documentos/Arqui1/PruebasDeProcesador/JAguero_IGrane_MGonzales-Digital_Desing_Workshop-2023-VersionConROMs/Proyecto/db/decode_61a.tdf      ;         ;
; db/mux_ahb.tdf                   ; yes             ; Auto-Generated Megafunction      ; C:/Users/Ignac/Documentos/Arqui1/PruebasDeProcesador/JAguero_IGrane_MGonzales-Digital_Desing_Workshop-2023-VersionConROMs/Proyecto/db/mux_ahb.tdf         ;         ;
; db/altsyncram_t9o1.tdf           ; yes             ; Auto-Generated Megafunction      ; C:/Users/Ignac/Documentos/Arqui1/PruebasDeProcesador/JAguero_IGrane_MGonzales-Digital_Desing_Workshop-2023-VersionConROMs/Proyecto/db/altsyncram_t9o1.tdf ;         ;
; db/decode_dla.tdf                ; yes             ; Auto-Generated Megafunction      ; C:/Users/Ignac/Documentos/Arqui1/PruebasDeProcesador/JAguero_IGrane_MGonzales-Digital_Desing_Workshop-2023-VersionConROMs/Proyecto/db/decode_dla.tdf      ;         ;
+----------------------------------+-----------------+----------------------------------+-----------------------------------------------------------------------------------------------------------------------------------------------------------+---------+


+---------------------------------------------------------+
; Analysis & Synthesis Resource Usage Summary             ;
+---------------------------------------------+-----------+
; Resource                                    ; Usage     ;
+---------------------------------------------+-----------+
; Estimate of Logic utilization (ALMs needed) ; 785       ;
;                                             ;           ;
; Combinational ALUT usage for logic          ; 992       ;
;     -- 7 input functions                    ; 6         ;
;     -- 6 input functions                    ; 520       ;
;     -- 5 input functions                    ; 212       ;
;     -- 4 input functions                    ; 43        ;
;     -- <=3 input functions                  ; 211       ;
;                                             ;           ;
; Dedicated logic registers                   ; 522       ;
;                                             ;           ;
; I/O pins                                    ; 67        ;
; Total MLAB memory bits                      ; 0         ;
; Total block memory bits                     ; 4194304   ;
;                                             ;           ;
; Total DSP Blocks                            ; 0         ;
;                                             ;           ;
; Maximum fan-out node                        ; clk~input ;
; Maximum fan-out                             ; 1034      ;
; Total fan-out                               ; 14954     ;
; Average fan-out                             ; 6.92      ;
+---------------------------------------------+-----------+


+------------------------------------------------------------------------------------------------------------------------------------------------------------------------------------------------------------------------------------------------------------------------------------------------------+
; Analysis & Synthesis Resource Utilization by Entity                                                                                                                                                                                                                                                  ;
+-------------------------------------------+---------------------+---------------------------+-------------------+------------+------+--------------+----------------------------------------------------------------------------------------------------------------+-----------------+--------------+
; Compilation Hierarchy Node                ; Combinational ALUTs ; Dedicated Logic Registers ; Block Memory Bits ; DSP Blocks ; Pins ; Virtual Pins ; Full Hierarchy Name                                                                                            ; Entity Name     ; Library Name ;
+-------------------------------------------+---------------------+---------------------------+-------------------+------------+------+--------------+----------------------------------------------------------------------------------------------------------------+-----------------+--------------+
; |top                                      ; 992 (0)             ; 522 (0)                   ; 4194304           ; 0          ; 67   ; 0            ; |top                                                                                                           ; top             ; work         ;
;    |RAMMemory:ram1|                       ; 16 (0)              ; 3 (0)                     ; 2097152           ; 0          ; 0    ; 0            ; |top|RAMMemory:ram1                                                                                            ; RAMMemory       ; work         ;
;       |altsyncram:altsyncram_component|   ; 16 (0)              ; 3 (0)                     ; 2097152           ; 0          ; 0    ; 0            ; |top|RAMMemory:ram1|altsyncram:altsyncram_component                                                            ; altsyncram      ; work         ;
;          |altsyncram_t9o1:auto_generated| ; 16 (0)              ; 3 (3)                     ; 2097152           ; 0          ; 0    ; 0            ; |top|RAMMemory:ram1|altsyncram:altsyncram_component|altsyncram_t9o1:auto_generated                             ; altsyncram_t9o1 ; work         ;
;             |decode_61a:rden_decode|      ; 8 (8)               ; 0 (0)                     ; 0                 ; 0          ; 0    ; 0            ; |top|RAMMemory:ram1|altsyncram:altsyncram_component|altsyncram_t9o1:auto_generated|decode_61a:rden_decode      ; decode_61a      ; work         ;
;             |decode_dla:decode3|          ; 8 (8)               ; 0 (0)                     ; 0                 ; 0          ; 0    ; 0            ; |top|RAMMemory:ram1|altsyncram:altsyncram_component|altsyncram_t9o1:auto_generated|decode_dla:decode3          ; decode_dla      ; work         ;
;    |arm:arm1|                             ; 878 (0)             ; 516 (0)                   ; 0                 ; 0          ; 0    ; 0            ; |top|arm:arm1                                                                                                  ; arm             ; work         ;
;       |controller:c|                      ; 16 (0)              ; 4 (0)                     ; 0                 ; 0          ; 0    ; 0            ; |top|arm:arm1|controller:c                                                                                     ; controller      ; work         ;
;          |condlogic:cl|                   ; 11 (5)              ; 4 (0)                     ; 0                 ; 0          ; 0    ; 0            ; |top|arm:arm1|controller:c|condlogic:cl                                                                        ; condlogic       ; work         ;
;             |condcheck:cc|                ; 6 (6)               ; 0 (0)                     ; 0                 ; 0          ; 0    ; 0            ; |top|arm:arm1|controller:c|condlogic:cl|condcheck:cc                                                           ; condcheck       ; work         ;
;             |flopenr:flagreg0|            ; 0 (0)               ; 2 (2)                     ; 0                 ; 0          ; 0    ; 0            ; |top|arm:arm1|controller:c|condlogic:cl|flopenr:flagreg0                                                       ; flopenr         ; work         ;
;             |flopenr:flagreg1|            ; 0 (0)               ; 2 (2)                     ; 0                 ; 0          ; 0    ; 0            ; |top|arm:arm1|controller:c|condlogic:cl|flopenr:flagreg1                                                       ; flopenr         ; work         ;
;          |decoder:dec|                    ; 5 (5)               ; 0 (0)                     ; 0                 ; 0          ; 0    ; 0            ; |top|arm:arm1|controller:c|decoder:dec                                                                         ; decoder         ; work         ;
;       |datapath:dp|                       ; 862 (0)             ; 512 (0)                   ; 0                 ; 0          ; 0    ; 0            ; |top|arm:arm1|datapath:dp                                                                                      ; datapath        ; work         ;
;          |ALUChava:ownALU|                ; 231 (231)           ; 0 (0)                     ; 0                 ; 0          ; 0    ; 0            ; |top|arm:arm1|datapath:dp|ALUChava:ownALU                                                                      ; ALUChava        ; work         ;
;          |adder:pcadd1|                   ; 32 (32)             ; 0 (0)                     ; 0                 ; 0          ; 0    ; 0            ; |top|arm:arm1|datapath:dp|adder:pcadd1                                                                         ; adder           ; work         ;
;          |adder:pcadd2|                   ; 31 (31)             ; 0 (0)                     ; 0                 ; 0          ; 0    ; 0            ; |top|arm:arm1|datapath:dp|adder:pcadd2                                                                         ; adder           ; work         ;
;          |flopr:pcreg|                    ; 0 (0)               ; 32 (32)                   ; 0                 ; 0          ; 0    ; 0            ; |top|arm:arm1|datapath:dp|flopr:pcreg                                                                          ; flopr           ; work         ;
;          |mux2:ra1mux|                    ; 4 (4)               ; 0 (0)                     ; 0                 ; 0          ; 0    ; 0            ; |top|arm:arm1|datapath:dp|mux2:ra1mux                                                                          ; mux2            ; work         ;
;          |mux2:ra2mux|                    ; 4 (4)               ; 0 (0)                     ; 0                 ; 0          ; 0    ; 0            ; |top|arm:arm1|datapath:dp|mux2:ra2mux                                                                          ; mux2            ; work         ;
;          |mux2:resmux|                    ; 96 (96)             ; 0 (0)                     ; 0                 ; 0          ; 0    ; 0            ; |top|arm:arm1|datapath:dp|mux2:resmux                                                                          ; mux2            ; work         ;
;          |mux2:srcbmux|                   ; 62 (62)             ; 0 (0)                     ; 0                 ; 0          ; 0    ; 0            ; |top|arm:arm1|datapath:dp|mux2:srcbmux                                                                         ; mux2            ; work         ;
;          |regfile:rf|                     ; 402 (402)           ; 480 (480)                 ; 0                 ; 0          ; 0    ; 0            ; |top|arm:arm1|datapath:dp|regfile:rf                                                                           ; regfile         ; work         ;
;    |instructionROM:rom1|                  ; 98 (0)              ; 3 (0)                     ; 2097152           ; 0          ; 0    ; 0            ; |top|instructionROM:rom1                                                                                       ; instructionROM  ; work         ;
;       |altsyncram:altsyncram_component|   ; 98 (0)              ; 3 (0)                     ; 2097152           ; 0          ; 0    ; 0            ; |top|instructionROM:rom1|altsyncram:altsyncram_component                                                       ; altsyncram      ; work         ;
;          |altsyncram_21h1:auto_generated| ; 98 (0)              ; 3 (3)                     ; 2097152           ; 0          ; 0    ; 0            ; |top|instructionROM:rom1|altsyncram:altsyncram_component|altsyncram_21h1:auto_generated                        ; altsyncram_21h1 ; work         ;
;             |decode_61a:rden_decode|      ; 8 (8)               ; 0 (0)                     ; 0                 ; 0          ; 0    ; 0            ; |top|instructionROM:rom1|altsyncram:altsyncram_component|altsyncram_21h1:auto_generated|decode_61a:rden_decode ; decode_61a      ; work         ;
;             |mux_ahb:mux2|                ; 90 (90)             ; 0 (0)                     ; 0                 ; 0          ; 0    ; 0            ; |top|instructionROM:rom1|altsyncram:altsyncram_component|altsyncram_21h1:auto_generated|mux_ahb:mux2           ; mux_ahb         ; work         ;
+-------------------------------------------+---------------------+---------------------------+-------------------+------------+------+--------------+----------------------------------------------------------------------------------------------------------------+-----------------+--------------+
Note: For table entries with two numbers listed, the numbers in parentheses indicate the number of resources of the given type used by the specific entity alone. The numbers listed outside of parentheses indicate the total resources of the given type used by the specific entity and all of its sub-entities in the hierarchy.


+-------------------------------------------------------------------------------------------------------------------------------------------------------------------------------------------------------------+
; Analysis & Synthesis RAM Summary                                                                                                                                                                            ;
+-----------------------------------------------------------------------------------------------+------+-------------+--------------+--------------+--------------+--------------+---------+------------------+
; Name                                                                                          ; Type ; Mode        ; Port A Depth ; Port A Width ; Port B Depth ; Port B Width ; Size    ; MIF              ;
+-----------------------------------------------------------------------------------------------+------+-------------+--------------+--------------+--------------+--------------+---------+------------------+
; RAMMemory:ram1|altsyncram:altsyncram_component|altsyncram_t9o1:auto_generated|ALTSYNCRAM      ; AUTO ; Single Port ; 65536        ; 32           ; --           ; --           ; 2097152 ; RAM.mif          ;
; instructionROM:rom1|altsyncram:altsyncram_component|altsyncram_21h1:auto_generated|ALTSYNCRAM ; AUTO ; ROM         ; 65536        ; 32           ; --           ; --           ; 2097152 ; Instructions.mif ;
+-----------------------------------------------------------------------------------------------+------+-------------+--------------+--------------+--------------+--------------+---------+------------------+


+-------------------------------------------------------------------------------------------------------------+
; Analysis & Synthesis IP Cores Summary                                                                       ;
+--------+--------------+---------+--------------+--------------+--------------------------+------------------+
; Vendor ; IP Core Name ; Version ; Release Date ; License Type ; Entity Instance          ; IP Include File  ;
+--------+--------------+---------+--------------+--------------+--------------------------+------------------+
; Altera ; RAM: 1-PORT  ; 22.1    ; N/A          ; N/A          ; |top|RAMMemory:ram1      ; RAMMemory.v      ;
; Altera ; ROM: 1-PORT  ; 22.1    ; N/A          ; N/A          ; |top|instructionROM:rom1 ; instructionROM.v ;
+--------+--------------+---------+--------------+--------------+--------------------------+------------------+


+------------------------------------------------------+
; General Register Statistics                          ;
+----------------------------------------------+-------+
; Statistic                                    ; Value ;
+----------------------------------------------+-------+
; Total registers                              ; 522   ;
; Number of registers using Synchronous Clear  ; 0     ;
; Number of registers using Synchronous Load   ; 32    ;
; Number of registers using Asynchronous Clear ; 36    ;
; Number of registers using Asynchronous Load  ; 0     ;
; Number of registers using Clock Enable       ; 484   ;
; Number of registers using Preset             ; 0     ;
+----------------------------------------------+-------+


+------------------------------------------------------------------------------------------------------------------------------------------------------------------------------------------------------------------------------------------+
; Multiplexer Restructuring Statistics (Restructuring Performed)                                                                                                                                                                           ;
+--------------------+-----------+---------------+----------------------+------------------------+------------+----------------------------------------------------------------------------------------------------------------------------+
; Multiplexer Inputs ; Bus Width ; Baseline Area ; Area if Restructured ; Saving if Restructured ; Registered ; Example Multiplexer Output                                                                                                 ;
+--------------------+-----------+---------------+----------------------+------------------------+------------+----------------------------------------------------------------------------------------------------------------------------+
; 4:1                ; 2 bits    ; 4 LEs         ; 4 LEs                ; 0 LEs                  ; Yes        ; |top|arm:arm1|controller:c|condlogic:cl|flopenr:flagreg0|q[1]                                                              ;
; 4:1                ; 8 bits    ; 16 LEs        ; 16 LEs               ; 0 LEs                  ; No         ; |top|instructionROM:rom1|altsyncram:altsyncram_component|altsyncram_21h1:auto_generated|mux_ahb:mux2|l2_w4_n1_mux_dataout  ;
; 3:1                ; 12 bits   ; 24 LEs        ; 24 LEs               ; 0 LEs                  ; No         ; |top|arm:arm1|datapath:dp|mux2:srcbmux|y[24]                                                                               ;
; 3:1                ; 2 bits    ; 4 LEs         ; 4 LEs                ; 0 LEs                  ; No         ; |top|arm:arm1|datapath:dp|mux2:srcbmux|y[0]                                                                                ;
; 3:1                ; 2 bits    ; 4 LEs         ; 4 LEs                ; 0 LEs                  ; No         ; |top|arm:arm1|datapath:dp|mux2:srcbmux|y[2]                                                                                ;
; 4:1                ; 33 bits   ; 66 LEs        ; 66 LEs               ; 0 LEs                  ; No         ; |top|arm:arm1|datapath:dp|ALUChava:ownALU|Mux5                                                                             ;
; 4:1                ; 2 bits    ; 4 LEs         ; 4 LEs                ; 0 LEs                  ; No         ; |top|arm:arm1|datapath:dp|mux2:srcbmux|y[4]                                                                                ;
; 5:1                ; 2 bits    ; 6 LEs         ; 6 LEs                ; 0 LEs                  ; No         ; |top|arm:arm1|datapath:dp|mux2:srcbmux|y[6]                                                                                ;
; 4:1                ; 2 bits    ; 4 LEs         ; 4 LEs                ; 0 LEs                  ; No         ; |top|arm:arm1|datapath:dp|mux2:srcbmux|y[11]                                                                               ;
; 5:1                ; 2 bits    ; 6 LEs         ; 6 LEs                ; 0 LEs                  ; No         ; |top|arm:arm1|datapath:dp|mux2:srcbmux|y[8]                                                                                ;
; 8:1                ; 26 bits   ; 130 LEs       ; 130 LEs              ; 0 LEs                  ; No         ; |top|instructionROM:rom1|altsyncram:altsyncram_component|altsyncram_21h1:auto_generated|mux_ahb:mux2|l3_w13_n0_mux_dataout ;
; 9:1                ; 32 bits   ; 192 LEs       ; 192 LEs              ; 0 LEs                  ; No         ; |top|arm:arm1|datapath:dp|mux2:resmux|y[6]                                                                                 ;
+--------------------+-----------+---------------+----------------------+------------------------+------------+----------------------------------------------------------------------------------------------------------------------------+


+-----------------------------------------------------------------------------------------------------------+
; Source assignments for instructionROM:rom1|altsyncram:altsyncram_component|altsyncram_21h1:auto_generated ;
+---------------------------------+--------------------+------+---------------------------------------------+
; Assignment                      ; Value              ; From ; To                                          ;
+---------------------------------+--------------------+------+---------------------------------------------+
; OPTIMIZE_POWER_DURING_SYNTHESIS ; NORMAL_COMPILATION ; -    ; -                                           ;
+---------------------------------+--------------------+------+---------------------------------------------+


+------------------------------------------------------------------------------------------------------+
; Source assignments for RAMMemory:ram1|altsyncram:altsyncram_component|altsyncram_t9o1:auto_generated ;
+---------------------------------+--------------------+------+----------------------------------------+
; Assignment                      ; Value              ; From ; To                                     ;
+---------------------------------+--------------------+------+----------------------------------------+
; OPTIMIZE_POWER_DURING_SYNTHESIS ; NORMAL_COMPILATION ; -    ; -                                      ;
+---------------------------------+--------------------+------+----------------------------------------+


+--------------------------------------------------------------------------------------------------+
; Parameter Settings for User Entity Instance: arm:arm1|controller:c|condlogic:cl|flopenr:flagreg1 ;
+----------------+-------+-------------------------------------------------------------------------+
; Parameter Name ; Value ; Type                                                                    ;
+----------------+-------+-------------------------------------------------------------------------+
; WIDTH          ; 2     ; Signed Integer                                                          ;
+----------------+-------+-------------------------------------------------------------------------+
Note: In order to hide this table in the UI and the text report file, please set the "Show Parameter Settings in Synthesis Report" option in "Analysis and Synthesis Settings -> More Settings" to "Off".


+--------------------------------------------------------------------------------------------------+
; Parameter Settings for User Entity Instance: arm:arm1|controller:c|condlogic:cl|flopenr:flagreg0 ;
+----------------+-------+-------------------------------------------------------------------------+
; Parameter Name ; Value ; Type                                                                    ;
+----------------+-------+-------------------------------------------------------------------------+
; WIDTH          ; 2     ; Signed Integer                                                          ;
+----------------+-------+-------------------------------------------------------------------------+
Note: In order to hide this table in the UI and the text report file, please set the "Show Parameter Settings in Synthesis Report" option in "Analysis and Synthesis Settings -> More Settings" to "Off".


+------------------------------------------------------------------------------+
; Parameter Settings for User Entity Instance: arm:arm1|datapath:dp|mux2:pcmux ;
+----------------+-------+-----------------------------------------------------+
; Parameter Name ; Value ; Type                                                ;
+----------------+-------+-----------------------------------------------------+
; WIDTH          ; 32    ; Signed Integer                                      ;
+----------------+-------+-----------------------------------------------------+
Note: In order to hide this table in the UI and the text report file, please set the "Show Parameter Settings in Synthesis Report" option in "Analysis and Synthesis Settings -> More Settings" to "Off".


+-------------------------------------------------------------------------------+
; Parameter Settings for User Entity Instance: arm:arm1|datapath:dp|flopr:pcreg ;
+----------------+-------+------------------------------------------------------+
; Parameter Name ; Value ; Type                                                 ;
+----------------+-------+------------------------------------------------------+
; WIDTH          ; 32    ; Signed Integer                                       ;
+----------------+-------+------------------------------------------------------+
Note: In order to hide this table in the UI and the text report file, please set the "Show Parameter Settings in Synthesis Report" option in "Analysis and Synthesis Settings -> More Settings" to "Off".


+--------------------------------------------------------------------------------+
; Parameter Settings for User Entity Instance: arm:arm1|datapath:dp|adder:pcadd1 ;
+----------------+-------+-------------------------------------------------------+
; Parameter Name ; Value ; Type                                                  ;
+----------------+-------+-------------------------------------------------------+
; WIDTH          ; 32    ; Signed Integer                                        ;
+----------------+-------+-------------------------------------------------------+
Note: In order to hide this table in the UI and the text report file, please set the "Show Parameter Settings in Synthesis Report" option in "Analysis and Synthesis Settings -> More Settings" to "Off".


+--------------------------------------------------------------------------------+
; Parameter Settings for User Entity Instance: arm:arm1|datapath:dp|adder:pcadd2 ;
+----------------+-------+-------------------------------------------------------+
; Parameter Name ; Value ; Type                                                  ;
+----------------+-------+-------------------------------------------------------+
; WIDTH          ; 32    ; Signed Integer                                        ;
+----------------+-------+-------------------------------------------------------+
Note: In order to hide this table in the UI and the text report file, please set the "Show Parameter Settings in Synthesis Report" option in "Analysis and Synthesis Settings -> More Settings" to "Off".


+-------------------------------------------------------------------------------+
; Parameter Settings for User Entity Instance: arm:arm1|datapath:dp|mux2:ra1mux ;
+----------------+-------+------------------------------------------------------+
; Parameter Name ; Value ; Type                                                 ;
+----------------+-------+------------------------------------------------------+
; WIDTH          ; 4     ; Signed Integer                                       ;
+----------------+-------+------------------------------------------------------+
Note: In order to hide this table in the UI and the text report file, please set the "Show Parameter Settings in Synthesis Report" option in "Analysis and Synthesis Settings -> More Settings" to "Off".


+-------------------------------------------------------------------------------+
; Parameter Settings for User Entity Instance: arm:arm1|datapath:dp|mux2:ra2mux ;
+----------------+-------+------------------------------------------------------+
; Parameter Name ; Value ; Type                                                 ;
+----------------+-------+------------------------------------------------------+
; WIDTH          ; 4     ; Signed Integer                                       ;
+----------------+-------+------------------------------------------------------+
Note: In order to hide this table in the UI and the text report file, please set the "Show Parameter Settings in Synthesis Report" option in "Analysis and Synthesis Settings -> More Settings" to "Off".


+-------------------------------------------------------------------------------+
; Parameter Settings for User Entity Instance: arm:arm1|datapath:dp|mux2:resmux ;
+----------------+-------+------------------------------------------------------+
; Parameter Name ; Value ; Type                                                 ;
+----------------+-------+------------------------------------------------------+
; WIDTH          ; 32    ; Signed Integer                                       ;
+----------------+-------+------------------------------------------------------+
Note: In order to hide this table in the UI and the text report file, please set the "Show Parameter Settings in Synthesis Report" option in "Analysis and Synthesis Settings -> More Settings" to "Off".


+--------------------------------------------------------------------------------+
; Parameter Settings for User Entity Instance: arm:arm1|datapath:dp|mux2:srcbmux ;
+----------------+-------+-------------------------------------------------------+
; Parameter Name ; Value ; Type                                                  ;
+----------------+-------+-------------------------------------------------------+
; WIDTH          ; 32    ; Signed Integer                                        ;
+----------------+-------+-------------------------------------------------------+
Note: In order to hide this table in the UI and the text report file, please set the "Show Parameter Settings in Synthesis Report" option in "Analysis and Synthesis Settings -> More Settings" to "Off".


+--------------------------------------------------------------------------------------------------+
; Parameter Settings for User Entity Instance: instructionROM:rom1|altsyncram:altsyncram_component ;
+------------------------------------+----------------------+--------------------------------------+
; Parameter Name                     ; Value                ; Type                                 ;
+------------------------------------+----------------------+--------------------------------------+
; BYTE_SIZE_BLOCK                    ; 8                    ; Untyped                              ;
; AUTO_CARRY_CHAINS                  ; ON                   ; AUTO_CARRY                           ;
; IGNORE_CARRY_BUFFERS               ; OFF                  ; IGNORE_CARRY                         ;
; AUTO_CASCADE_CHAINS                ; ON                   ; AUTO_CASCADE                         ;
; IGNORE_CASCADE_BUFFERS             ; OFF                  ; IGNORE_CASCADE                       ;
; WIDTH_BYTEENA                      ; 1                    ; Untyped                              ;
; OPERATION_MODE                     ; ROM                  ; Untyped                              ;
; WIDTH_A                            ; 32                   ; Signed Integer                       ;
; WIDTHAD_A                          ; 16                   ; Signed Integer                       ;
; NUMWORDS_A                         ; 65536                ; Signed Integer                       ;
; OUTDATA_REG_A                      ; UNREGISTERED         ; Untyped                              ;
; ADDRESS_ACLR_A                     ; NONE                 ; Untyped                              ;
; OUTDATA_ACLR_A                     ; NONE                 ; Untyped                              ;
; WRCONTROL_ACLR_A                   ; NONE                 ; Untyped                              ;
; INDATA_ACLR_A                      ; NONE                 ; Untyped                              ;
; BYTEENA_ACLR_A                     ; NONE                 ; Untyped                              ;
; WIDTH_B                            ; 1                    ; Untyped                              ;
; WIDTHAD_B                          ; 1                    ; Untyped                              ;
; NUMWORDS_B                         ; 1                    ; Untyped                              ;
; INDATA_REG_B                       ; CLOCK1               ; Untyped                              ;
; WRCONTROL_WRADDRESS_REG_B          ; CLOCK1               ; Untyped                              ;
; RDCONTROL_REG_B                    ; CLOCK1               ; Untyped                              ;
; ADDRESS_REG_B                      ; CLOCK1               ; Untyped                              ;
; OUTDATA_REG_B                      ; UNREGISTERED         ; Untyped                              ;
; BYTEENA_REG_B                      ; CLOCK1               ; Untyped                              ;
; INDATA_ACLR_B                      ; NONE                 ; Untyped                              ;
; WRCONTROL_ACLR_B                   ; NONE                 ; Untyped                              ;
; ADDRESS_ACLR_B                     ; NONE                 ; Untyped                              ;
; OUTDATA_ACLR_B                     ; NONE                 ; Untyped                              ;
; RDCONTROL_ACLR_B                   ; NONE                 ; Untyped                              ;
; BYTEENA_ACLR_B                     ; NONE                 ; Untyped                              ;
; WIDTH_BYTEENA_A                    ; 1                    ; Signed Integer                       ;
; WIDTH_BYTEENA_B                    ; 1                    ; Untyped                              ;
; RAM_BLOCK_TYPE                     ; AUTO                 ; Untyped                              ;
; BYTE_SIZE                          ; 8                    ; Untyped                              ;
; READ_DURING_WRITE_MODE_MIXED_PORTS ; DONT_CARE            ; Untyped                              ;
; READ_DURING_WRITE_MODE_PORT_A      ; NEW_DATA_NO_NBE_READ ; Untyped                              ;
; READ_DURING_WRITE_MODE_PORT_B      ; NEW_DATA_NO_NBE_READ ; Untyped                              ;
; INIT_FILE                          ; Instructions.mif     ; Untyped                              ;
; INIT_FILE_LAYOUT                   ; PORT_A               ; Untyped                              ;
; MAXIMUM_DEPTH                      ; 0                    ; Untyped                              ;
; CLOCK_ENABLE_INPUT_A               ; BYPASS               ; Untyped                              ;
; CLOCK_ENABLE_INPUT_B               ; NORMAL               ; Untyped                              ;
; CLOCK_ENABLE_OUTPUT_A              ; BYPASS               ; Untyped                              ;
; CLOCK_ENABLE_OUTPUT_B              ; NORMAL               ; Untyped                              ;
; CLOCK_ENABLE_CORE_A                ; USE_INPUT_CLKEN      ; Untyped                              ;
; CLOCK_ENABLE_CORE_B                ; USE_INPUT_CLKEN      ; Untyped                              ;
; ENABLE_ECC                         ; FALSE                ; Untyped                              ;
; ECC_PIPELINE_STAGE_ENABLED         ; FALSE                ; Untyped                              ;
; WIDTH_ECCSTATUS                    ; 3                    ; Untyped                              ;
; DEVICE_FAMILY                      ; Cyclone V            ; Untyped                              ;
; CBXI_PARAMETER                     ; altsyncram_21h1      ; Untyped                              ;
+------------------------------------+----------------------+--------------------------------------+
Note: In order to hide this table in the UI and the text report file, please set the "Show Parameter Settings in Synthesis Report" option in "Analysis and Synthesis Settings -> More Settings" to "Off".


+---------------------------------------------------------------------------------------------+
; Parameter Settings for User Entity Instance: RAMMemory:ram1|altsyncram:altsyncram_component ;
+------------------------------------+----------------------+---------------------------------+
; Parameter Name                     ; Value                ; Type                            ;
+------------------------------------+----------------------+---------------------------------+
; BYTE_SIZE_BLOCK                    ; 8                    ; Untyped                         ;
; AUTO_CARRY_CHAINS                  ; ON                   ; AUTO_CARRY                      ;
; IGNORE_CARRY_BUFFERS               ; OFF                  ; IGNORE_CARRY                    ;
; AUTO_CASCADE_CHAINS                ; ON                   ; AUTO_CASCADE                    ;
; IGNORE_CASCADE_BUFFERS             ; OFF                  ; IGNORE_CASCADE                  ;
; WIDTH_BYTEENA                      ; 1                    ; Untyped                         ;
; OPERATION_MODE                     ; SINGLE_PORT          ; Untyped                         ;
; WIDTH_A                            ; 32                   ; Signed Integer                  ;
; WIDTHAD_A                          ; 16                   ; Signed Integer                  ;
; NUMWORDS_A                         ; 65536                ; Signed Integer                  ;
; OUTDATA_REG_A                      ; UNREGISTERED         ; Untyped                         ;
; ADDRESS_ACLR_A                     ; NONE                 ; Untyped                         ;
; OUTDATA_ACLR_A                     ; NONE                 ; Untyped                         ;
; WRCONTROL_ACLR_A                   ; NONE                 ; Untyped                         ;
; INDATA_ACLR_A                      ; NONE                 ; Untyped                         ;
; BYTEENA_ACLR_A                     ; NONE                 ; Untyped                         ;
; WIDTH_B                            ; 1                    ; Untyped                         ;
; WIDTHAD_B                          ; 1                    ; Untyped                         ;
; NUMWORDS_B                         ; 1                    ; Untyped                         ;
; INDATA_REG_B                       ; CLOCK1               ; Untyped                         ;
; WRCONTROL_WRADDRESS_REG_B          ; CLOCK1               ; Untyped                         ;
; RDCONTROL_REG_B                    ; CLOCK1               ; Untyped                         ;
; ADDRESS_REG_B                      ; CLOCK1               ; Untyped                         ;
; OUTDATA_REG_B                      ; UNREGISTERED         ; Untyped                         ;
; BYTEENA_REG_B                      ; CLOCK1               ; Untyped                         ;
; INDATA_ACLR_B                      ; NONE                 ; Untyped                         ;
; WRCONTROL_ACLR_B                   ; NONE                 ; Untyped                         ;
; ADDRESS_ACLR_B                     ; NONE                 ; Untyped                         ;
; OUTDATA_ACLR_B                     ; NONE                 ; Untyped                         ;
; RDCONTROL_ACLR_B                   ; NONE                 ; Untyped                         ;
; BYTEENA_ACLR_B                     ; NONE                 ; Untyped                         ;
; WIDTH_BYTEENA_A                    ; 1                    ; Signed Integer                  ;
; WIDTH_BYTEENA_B                    ; 1                    ; Untyped                         ;
; RAM_BLOCK_TYPE                     ; AUTO                 ; Untyped                         ;
; BYTE_SIZE                          ; 8                    ; Untyped                         ;
; READ_DURING_WRITE_MODE_MIXED_PORTS ; DONT_CARE            ; Untyped                         ;
; READ_DURING_WRITE_MODE_PORT_A      ; NEW_DATA_NO_NBE_READ ; Untyped                         ;
; READ_DURING_WRITE_MODE_PORT_B      ; NEW_DATA_NO_NBE_READ ; Untyped                         ;
; INIT_FILE                          ; RAM.mif              ; Untyped                         ;
; INIT_FILE_LAYOUT                   ; PORT_A               ; Untyped                         ;
; MAXIMUM_DEPTH                      ; 0                    ; Untyped                         ;
; CLOCK_ENABLE_INPUT_A               ; BYPASS               ; Untyped                         ;
; CLOCK_ENABLE_INPUT_B               ; NORMAL               ; Untyped                         ;
; CLOCK_ENABLE_OUTPUT_A              ; BYPASS               ; Untyped                         ;
; CLOCK_ENABLE_OUTPUT_B              ; NORMAL               ; Untyped                         ;
; CLOCK_ENABLE_CORE_A                ; USE_INPUT_CLKEN      ; Untyped                         ;
; CLOCK_ENABLE_CORE_B                ; USE_INPUT_CLKEN      ; Untyped                         ;
; ENABLE_ECC                         ; FALSE                ; Untyped                         ;
; ECC_PIPELINE_STAGE_ENABLED         ; FALSE                ; Untyped                         ;
; WIDTH_ECCSTATUS                    ; 3                    ; Untyped                         ;
; DEVICE_FAMILY                      ; Cyclone V            ; Untyped                         ;
; CBXI_PARAMETER                     ; altsyncram_t9o1      ; Untyped                         ;
+------------------------------------+----------------------+---------------------------------+
Note: In order to hide this table in the UI and the text report file, please set the "Show Parameter Settings in Synthesis Report" option in "Analysis and Synthesis Settings -> More Settings" to "Off".


+-------------------------------------------------------------------------------------------------+
; altsyncram Parameter Settings by Entity Instance                                                ;
+-------------------------------------------+-----------------------------------------------------+
; Name                                      ; Value                                               ;
+-------------------------------------------+-----------------------------------------------------+
; Number of entity instances                ; 2                                                   ;
; Entity Instance                           ; instructionROM:rom1|altsyncram:altsyncram_component ;
;     -- OPERATION_MODE                     ; ROM                                                 ;
;     -- WIDTH_A                            ; 32                                                  ;
;     -- NUMWORDS_A                         ; 65536                                               ;
;     -- OUTDATA_REG_A                      ; UNREGISTERED                                        ;
;     -- WIDTH_B                            ; 1                                                   ;
;     -- NUMWORDS_B                         ; 1                                                   ;
;     -- ADDRESS_REG_B                      ; CLOCK1                                              ;
;     -- OUTDATA_REG_B                      ; UNREGISTERED                                        ;
;     -- RAM_BLOCK_TYPE                     ; AUTO                                                ;
;     -- READ_DURING_WRITE_MODE_MIXED_PORTS ; DONT_CARE                                           ;
; Entity Instance                           ; RAMMemory:ram1|altsyncram:altsyncram_component      ;
;     -- OPERATION_MODE                     ; SINGLE_PORT                                         ;
;     -- WIDTH_A                            ; 32                                                  ;
;     -- NUMWORDS_A                         ; 65536                                               ;
;     -- OUTDATA_REG_A                      ; UNREGISTERED                                        ;
;     -- WIDTH_B                            ; 1                                                   ;
;     -- NUMWORDS_B                         ; 1                                                   ;
;     -- ADDRESS_REG_B                      ; CLOCK1                                              ;
;     -- OUTDATA_REG_B                      ; UNREGISTERED                                        ;
;     -- RAM_BLOCK_TYPE                     ; AUTO                                                ;
;     -- READ_DURING_WRITE_MODE_MIXED_PORTS ; DONT_CARE                                           ;
+-------------------------------------------+-----------------------------------------------------+


+--------------------------------------------------------------+
; Port Connectivity Checks: "arm:arm1|datapath:dp|mux2:ra1mux" ;
+------+-------+----------+------------------------------------+
; Port ; Type  ; Severity ; Details                            ;
+------+-------+----------+------------------------------------+
; d1   ; Input ; Info     ; Stuck at VCC                       ;
+------+-------+----------+------------------------------------+


+---------------------------------------------------------------+
; Port Connectivity Checks: "arm:arm1|datapath:dp|adder:pcadd2" ;
+----------+-------+----------+---------------------------------+
; Port     ; Type  ; Severity ; Details                         ;
+----------+-------+----------+---------------------------------+
; b[31..1] ; Input ; Info     ; Stuck at GND                    ;
; b[0]     ; Input ; Info     ; Stuck at VCC                    ;
+----------+-------+----------+---------------------------------+


+---------------------------------------------------------------+
; Port Connectivity Checks: "arm:arm1|datapath:dp|adder:pcadd1" ;
+----------+-------+----------+---------------------------------+
; Port     ; Type  ; Severity ; Details                         ;
+----------+-------+----------+---------------------------------+
; b[31..1] ; Input ; Info     ; Stuck at GND                    ;
; b[0]     ; Input ; Info     ; Stuck at VCC                    ;
+----------+-------+----------+---------------------------------+


+----------------------------------------------------------------------------------------------------------------------+
; Port Connectivity Checks: "arm:arm1"                                                                                 ;
+------------+--------+----------+-------------------------------------------------------------------------------------+
; Port       ; Type   ; Severity ; Details                                                                             ;
+------------+--------+----------+-------------------------------------------------------------------------------------+
; PC[31..16] ; Output ; Info     ; Connected to dangling logic. Logic that only feeds a dangling port will be removed. ;
+------------+--------+----------+-------------------------------------------------------------------------------------+


+-----------------------------------------------------+
; Post-Synthesis Netlist Statistics for Top Partition ;
+-----------------------+-----------------------------+
; Type                  ; Count                       ;
+-----------------------+-----------------------------+
; arriav_ff             ; 522                         ;
;     CLR SLD           ; 32                          ;
;     ENA               ; 480                         ;
;     ENA CLR           ; 4                           ;
;     plain             ; 6                           ;
; arriav_lcell_comb     ; 992                         ;
;     arith             ; 128                         ;
;         0 data inputs ; 1                           ;
;         1 data inputs ; 62                          ;
;         2 data inputs ; 3                           ;
;         3 data inputs ; 3                           ;
;         4 data inputs ; 8                           ;
;         5 data inputs ; 51                          ;
;     extend            ; 6                           ;
;         7 data inputs ; 6                           ;
;     normal            ; 858                         ;
;         2 data inputs ; 19                          ;
;         3 data inputs ; 123                         ;
;         4 data inputs ; 35                          ;
;         5 data inputs ; 161                         ;
;         6 data inputs ; 520                         ;
; boundary_port         ; 67                          ;
; stratixv_ram_block    ; 512                         ;
;                       ;                             ;
; Max LUT depth         ; 14.10                       ;
; Average LUT depth     ; 9.66                        ;
+-----------------------+-----------------------------+


+-------------------------------+
; Elapsed Time Per Partition    ;
+----------------+--------------+
; Partition Name ; Elapsed Time ;
+----------------+--------------+
; Top            ; 00:00:06     ;
+----------------+--------------+


+-------------------------------+
; Analysis & Synthesis Messages ;
+-------------------------------+
Info: *******************************************************************
Info: Running Quartus Prime Analysis & Synthesis
    Info: Version 22.1std.1 Build 917 02/14/2023 SC Lite Edition
    Info: Processing started: Wed May  8 12:44:57 2024
Info: Command: quartus_map --read_settings_files=on --write_settings_files=off Processor -c Processor
Warning (18236): Number of processors has not been specified which may cause overloading on shared machines.  Set the global assignment NUM_PARALLEL_PROCESSORS in your QSF to an appropriate value for best performance.
Info (20030): Parallel compilation is enabled and will use 6 of the 6 processors detected
Info (12021): Found 1 design units, including 1 entities, in source file alu.sv
    Info (12023): Found entity 1: alu File: C:/Users/Ignac/Documentos/Arqui1/PruebasDeProcesador/JAguero_IGrane_MGonzales-Digital_Desing_Workshop-2023-VersionConROMs/Proyecto/alu.sv Line: 1
Info (12021): Found 1 design units, including 1 entities, in source file multiplexor.sv
    Info (12023): Found entity 1: Multiplexor File: C:/Users/Ignac/Documentos/Arqui1/PruebasDeProcesador/JAguero_IGrane_MGonzales-Digital_Desing_Workshop-2023-VersionConROMs/Proyecto/Multiplexor.sv Line: 1
Info (12021): Found 9 design units, including 9 entities, in source file functions.sv
    Info (12023): Found entity 1: and_gate File: C:/Users/Ignac/Documentos/Arqui1/PruebasDeProcesador/JAguero_IGrane_MGonzales-Digital_Desing_Workshop-2023-VersionConROMs/Proyecto/Functions.sv Line: 2
    Info (12023): Found entity 2: not_gate File: C:/Users/Ignac/Documentos/Arqui1/PruebasDeProcesador/JAguero_IGrane_MGonzales-Digital_Desing_Workshop-2023-VersionConROMs/Proyecto/Functions.sv Line: 13
    Info (12023): Found entity 3: or_gate File: C:/Users/Ignac/Documentos/Arqui1/PruebasDeProcesador/JAguero_IGrane_MGonzales-Digital_Desing_Workshop-2023-VersionConROMs/Proyecto/Functions.sv Line: 24
    Info (12023): Found entity 4: xor_gate File: C:/Users/Ignac/Documentos/Arqui1/PruebasDeProcesador/JAguero_IGrane_MGonzales-Digital_Desing_Workshop-2023-VersionConROMs/Proyecto/Functions.sv Line: 35
    Info (12023): Found entity 5: divider File: C:/Users/Ignac/Documentos/Arqui1/PruebasDeProcesador/JAguero_IGrane_MGonzales-Digital_Desing_Workshop-2023-VersionConROMs/Proyecto/Functions.sv Line: 48
    Info (12023): Found entity 6: mod File: C:/Users/Ignac/Documentos/Arqui1/PruebasDeProcesador/JAguero_IGrane_MGonzales-Digital_Desing_Workshop-2023-VersionConROMs/Proyecto/Functions.sv Line: 77
    Info (12023): Found entity 7: full_adder File: C:/Users/Ignac/Documentos/Arqui1/PruebasDeProcesador/JAguero_IGrane_MGonzales-Digital_Desing_Workshop-2023-VersionConROMs/Proyecto/Functions.sv Line: 88
    Info (12023): Found entity 8: substractor File: C:/Users/Ignac/Documentos/Arqui1/PruebasDeProcesador/JAguero_IGrane_MGonzales-Digital_Desing_Workshop-2023-VersionConROMs/Proyecto/Functions.sv Line: 101
    Info (12023): Found entity 9: multiplier File: C:/Users/Ignac/Documentos/Arqui1/PruebasDeProcesador/JAguero_IGrane_MGonzales-Digital_Desing_Workshop-2023-VersionConROMs/Proyecto/Functions.sv Line: 114
Info (12021): Found 1 design units, including 1 entities, in source file arm.sv
    Info (12023): Found entity 1: arm File: C:/Users/Ignac/Documentos/Arqui1/PruebasDeProcesador/JAguero_IGrane_MGonzales-Digital_Desing_Workshop-2023-VersionConROMs/Proyecto/arm.sv Line: 1
Info (12021): Found 1 design units, including 1 entities, in source file controller.sv
    Info (12023): Found entity 1: controller File: C:/Users/Ignac/Documentos/Arqui1/PruebasDeProcesador/JAguero_IGrane_MGonzales-Digital_Desing_Workshop-2023-VersionConROMs/Proyecto/controller.sv Line: 1
Info (12021): Found 1 design units, including 1 entities, in source file decoder.sv
    Info (12023): Found entity 1: decoder File: C:/Users/Ignac/Documentos/Arqui1/PruebasDeProcesador/JAguero_IGrane_MGonzales-Digital_Desing_Workshop-2023-VersionConROMs/Proyecto/decoder.sv Line: 1
Info (12021): Found 2 design units, including 2 entities, in source file condlogic.sv
    Info (12023): Found entity 1: condlogic File: C:/Users/Ignac/Documentos/Arqui1/PruebasDeProcesador/JAguero_IGrane_MGonzales-Digital_Desing_Workshop-2023-VersionConROMs/Proyecto/condlogic.sv Line: 1
    Info (12023): Found entity 2: condcheck File: C:/Users/Ignac/Documentos/Arqui1/PruebasDeProcesador/JAguero_IGrane_MGonzales-Digital_Desing_Workshop-2023-VersionConROMs/Proyecto/condlogic.sv Line: 24
Info (12021): Found 1 design units, including 1 entities, in source file datapath.sv
    Info (12023): Found entity 1: datapath File: C:/Users/Ignac/Documentos/Arqui1/PruebasDeProcesador/JAguero_IGrane_MGonzales-Digital_Desing_Workshop-2023-VersionConROMs/Proyecto/datapath.sv Line: 1
Info (12021): Found 1 design units, including 1 entities, in source file regfile.sv
    Info (12023): Found entity 1: regfile File: C:/Users/Ignac/Documentos/Arqui1/PruebasDeProcesador/JAguero_IGrane_MGonzales-Digital_Desing_Workshop-2023-VersionConROMs/Proyecto/regfile.sv Line: 1
Info (12021): Found 1 design units, including 1 entities, in source file adder.sv
    Info (12023): Found entity 1: adder File: C:/Users/Ignac/Documentos/Arqui1/PruebasDeProcesador/JAguero_IGrane_MGonzales-Digital_Desing_Workshop-2023-VersionConROMs/Proyecto/adder.sv Line: 1
Info (12021): Found 1 design units, including 1 entities, in source file extend.sv
    Info (12023): Found entity 1: extend File: C:/Users/Ignac/Documentos/Arqui1/PruebasDeProcesador/JAguero_IGrane_MGonzales-Digital_Desing_Workshop-2023-VersionConROMs/Proyecto/extend.sv Line: 1
Info (12021): Found 1 design units, including 1 entities, in source file flopr.sv
    Info (12023): Found entity 1: flopr File: C:/Users/Ignac/Documentos/Arqui1/PruebasDeProcesador/JAguero_IGrane_MGonzales-Digital_Desing_Workshop-2023-VersionConROMs/Proyecto/flopr.sv Line: 1
Info (12021): Found 1 design units, including 1 entities, in source file mux2.sv
    Info (12023): Found entity 1: mux2 File: C:/Users/Ignac/Documentos/Arqui1/PruebasDeProcesador/JAguero_IGrane_MGonzales-Digital_Desing_Workshop-2023-VersionConROMs/Proyecto/mux2.sv Line: 1
Info (12021): Found 1 design units, including 1 entities, in source file flopenr.sv
    Info (12023): Found entity 1: flopenr File: C:/Users/Ignac/Documentos/Arqui1/PruebasDeProcesador/JAguero_IGrane_MGonzales-Digital_Desing_Workshop-2023-VersionConROMs/Proyecto/flopenr.sv Line: 1
Info (12021): Found 1 design units, including 1 entities, in source file testbench.sv
    Info (12023): Found entity 1: testbench File: C:/Users/Ignac/Documentos/Arqui1/PruebasDeProcesador/JAguero_IGrane_MGonzales-Digital_Desing_Workshop-2023-VersionConROMs/Proyecto/testbench.sv Line: 3
Info (12021): Found 1 design units, including 1 entities, in source file top.sv
    Info (12023): Found entity 1: top File: C:/Users/Ignac/Documentos/Arqui1/PruebasDeProcesador/JAguero_IGrane_MGonzales-Digital_Desing_Workshop-2023-VersionConROMs/Proyecto/top.sv Line: 1
Info (12021): Found 1 design units, including 1 entities, in source file dmem.sv
    Info (12023): Found entity 1: dmem File: C:/Users/Ignac/Documentos/Arqui1/PruebasDeProcesador/JAguero_IGrane_MGonzales-Digital_Desing_Workshop-2023-VersionConROMs/Proyecto/dmem.sv Line: 1
Info (12021): Found 1 design units, including 1 entities, in source file imem.sv
    Info (12023): Found entity 1: imem File: C:/Users/Ignac/Documentos/Arqui1/PruebasDeProcesador/JAguero_IGrane_MGonzales-Digital_Desing_Workshop-2023-VersionConROMs/Proyecto/imem.sv Line: 1
Info (12021): Found 1 design units, including 1 entities, in source file chavarria.sv
    Info (12023): Found entity 1: chavarria File: C:/Users/Ignac/Documentos/Arqui1/PruebasDeProcesador/JAguero_IGrane_MGonzales-Digital_Desing_Workshop-2023-VersionConROMs/Proyecto/Chavarria.sv Line: 1
Info (12021): Found 1 design units, including 1 entities, in source file rom.v
    Info (12023): Found entity 1: ROM File: C:/Users/Ignac/Documentos/Arqui1/PruebasDeProcesador/JAguero_IGrane_MGonzales-Digital_Desing_Workshop-2023-VersionConROMs/Proyecto/ROM.v Line: 40
Info (12021): Found 1 design units, including 1 entities, in source file rom_instruction.v
    Info (12023): Found entity 1: ROM_Instruction File: C:/Users/Ignac/Documentos/Arqui1/PruebasDeProcesador/JAguero_IGrane_MGonzales-Digital_Desing_Workshop-2023-VersionConROMs/Proyecto/ROM_Instruction.v Line: 40
Info (12021): Found 1 design units, including 1 entities, in source file aluchava.sv
    Info (12023): Found entity 1: ALUChava File: C:/Users/Ignac/Documentos/Arqui1/PruebasDeProcesador/JAguero_IGrane_MGonzales-Digital_Desing_Workshop-2023-VersionConROMs/Proyecto/ALUChava.sv Line: 1
Info (12021): Found 1 design units, including 1 entities, in source file instructionrom.v
    Info (12023): Found entity 1: instructionROM File: C:/Users/Ignac/Documentos/Arqui1/PruebasDeProcesador/JAguero_IGrane_MGonzales-Digital_Desing_Workshop-2023-VersionConROMs/Proyecto/instructionROM.v Line: 40
Info (12021): Found 1 design units, including 1 entities, in source file rammemory.v
    Info (12023): Found entity 1: RAMMemory File: C:/Users/Ignac/Documentos/Arqui1/PruebasDeProcesador/JAguero_IGrane_MGonzales-Digital_Desing_Workshop-2023-VersionConROMs/Proyecto/RAMMemory.v Line: 40
Warning (10236): Verilog HDL Implicit Net warning at Chavarria.sv(17): created implicit net for "isAddSub" File: C:/Users/Ignac/Documentos/Arqui1/PruebasDeProcesador/JAguero_IGrane_MGonzales-Digital_Desing_Workshop-2023-VersionConROMs/Proyecto/Chavarria.sv Line: 17
Info (12127): Elaborating entity "top" for the top level hierarchy
Warning (10036): Verilog HDL or VHDL warning at top.sv(9): object "ROM_Addres" assigned a value but never read File: C:/Users/Ignac/Documentos/Arqui1/PruebasDeProcesador/JAguero_IGrane_MGonzales-Digital_Desing_Workshop-2023-VersionConROMs/Proyecto/top.sv Line: 9
Info (12128): Elaborating entity "arm" for hierarchy "arm:arm1" File: C:/Users/Ignac/Documentos/Arqui1/PruebasDeProcesador/JAguero_IGrane_MGonzales-Digital_Desing_Workshop-2023-VersionConROMs/Proyecto/top.sv Line: 15
Info (12128): Elaborating entity "controller" for hierarchy "arm:arm1|controller:c" File: C:/Users/Ignac/Documentos/Arqui1/PruebasDeProcesador/JAguero_IGrane_MGonzales-Digital_Desing_Workshop-2023-VersionConROMs/Proyecto/arm.sv Line: 15
Info (12128): Elaborating entity "decoder" for hierarchy "arm:arm1|controller:c|decoder:dec" File: C:/Users/Ignac/Documentos/Arqui1/PruebasDeProcesador/JAguero_IGrane_MGonzales-Digital_Desing_Workshop-2023-VersionConROMs/Proyecto/controller.sv Line: 17
Info (12128): Elaborating entity "condlogic" for hierarchy "arm:arm1|controller:c|condlogic:cl" File: C:/Users/Ignac/Documentos/Arqui1/PruebasDeProcesador/JAguero_IGrane_MGonzales-Digital_Desing_Workshop-2023-VersionConROMs/Proyecto/controller.sv Line: 20
Info (12128): Elaborating entity "flopenr" for hierarchy "arm:arm1|controller:c|condlogic:cl|flopenr:flagreg1" File: C:/Users/Ignac/Documentos/Arqui1/PruebasDeProcesador/JAguero_IGrane_MGonzales-Digital_Desing_Workshop-2023-VersionConROMs/Proyecto/condlogic.sv Line: 13
Info (12128): Elaborating entity "condcheck" for hierarchy "arm:arm1|controller:c|condlogic:cl|condcheck:cc" File: C:/Users/Ignac/Documentos/Arqui1/PruebasDeProcesador/JAguero_IGrane_MGonzales-Digital_Desing_Workshop-2023-VersionConROMs/Proyecto/condlogic.sv Line: 16
Info (12128): Elaborating entity "datapath" for hierarchy "arm:arm1|datapath:dp" File: C:/Users/Ignac/Documentos/Arqui1/PruebasDeProcesador/JAguero_IGrane_MGonzales-Digital_Desing_Workshop-2023-VersionConROMs/Proyecto/arm.sv Line: 18
Info (12128): Elaborating entity "mux2" for hierarchy "arm:arm1|datapath:dp|mux2:pcmux" File: C:/Users/Ignac/Documentos/Arqui1/PruebasDeProcesador/JAguero_IGrane_MGonzales-Digital_Desing_Workshop-2023-VersionConROMs/Proyecto/datapath.sv Line: 21
Info (12128): Elaborating entity "flopr" for hierarchy "arm:arm1|datapath:dp|flopr:pcreg" File: C:/Users/Ignac/Documentos/Arqui1/PruebasDeProcesador/JAguero_IGrane_MGonzales-Digital_Desing_Workshop-2023-VersionConROMs/Proyecto/datapath.sv Line: 22
Info (12128): Elaborating entity "adder" for hierarchy "arm:arm1|datapath:dp|adder:pcadd1" File: C:/Users/Ignac/Documentos/Arqui1/PruebasDeProcesador/JAguero_IGrane_MGonzales-Digital_Desing_Workshop-2023-VersionConROMs/Proyecto/datapath.sv Line: 23
Info (12128): Elaborating entity "mux2" for hierarchy "arm:arm1|datapath:dp|mux2:ra1mux" File: C:/Users/Ignac/Documentos/Arqui1/PruebasDeProcesador/JAguero_IGrane_MGonzales-Digital_Desing_Workshop-2023-VersionConROMs/Proyecto/datapath.sv Line: 27
Info (12128): Elaborating entity "regfile" for hierarchy "arm:arm1|datapath:dp|regfile:rf" File: C:/Users/Ignac/Documentos/Arqui1/PruebasDeProcesador/JAguero_IGrane_MGonzales-Digital_Desing_Workshop-2023-VersionConROMs/Proyecto/datapath.sv Line: 29
Info (12128): Elaborating entity "extend" for hierarchy "arm:arm1|datapath:dp|extend:ext" File: C:/Users/Ignac/Documentos/Arqui1/PruebasDeProcesador/JAguero_IGrane_MGonzales-Digital_Desing_Workshop-2023-VersionConROMs/Proyecto/datapath.sv Line: 32
Info (12128): Elaborating entity "ALUChava" for hierarchy "arm:arm1|datapath:dp|ALUChava:ownALU" File: C:/Users/Ignac/Documentos/Arqui1/PruebasDeProcesador/JAguero_IGrane_MGonzales-Digital_Desing_Workshop-2023-VersionConROMs/Proyecto/datapath.sv Line: 36
Info (12128): Elaborating entity "instructionROM" for hierarchy "instructionROM:rom1" File: C:/Users/Ignac/Documentos/Arqui1/PruebasDeProcesador/JAguero_IGrane_MGonzales-Digital_Desing_Workshop-2023-VersionConROMs/Proyecto/top.sv Line: 25
Info (12128): Elaborating entity "altsyncram" for hierarchy "instructionROM:rom1|altsyncram:altsyncram_component" File: C:/Users/Ignac/Documentos/Arqui1/PruebasDeProcesador/JAguero_IGrane_MGonzales-Digital_Desing_Workshop-2023-VersionConROMs/Proyecto/instructionROM.v Line: 82
Info (12130): Elaborated megafunction instantiation "instructionROM:rom1|altsyncram:altsyncram_component" File: C:/Users/Ignac/Documentos/Arqui1/PruebasDeProcesador/JAguero_IGrane_MGonzales-Digital_Desing_Workshop-2023-VersionConROMs/Proyecto/instructionROM.v Line: 82
Info (12133): Instantiated megafunction "instructionROM:rom1|altsyncram:altsyncram_component" with the following parameter: File: C:/Users/Ignac/Documentos/Arqui1/PruebasDeProcesador/JAguero_IGrane_MGonzales-Digital_Desing_Workshop-2023-VersionConROMs/Proyecto/instructionROM.v Line: 82
    Info (12134): Parameter "address_aclr_a" = "NONE"
    Info (12134): Parameter "clock_enable_input_a" = "BYPASS"
    Info (12134): Parameter "clock_enable_output_a" = "BYPASS"
    Info (12134): Parameter "init_file" = "Instructions.mif"
    Info (12134): Parameter "intended_device_family" = "Cyclone V"
    Info (12134): Parameter "lpm_hint" = "ENABLE_RUNTIME_MOD=NO"
    Info (12134): Parameter "lpm_type" = "altsyncram"
    Info (12134): Parameter "numwords_a" = "65536"
    Info (12134): Parameter "operation_mode" = "ROM"
    Info (12134): Parameter "outdata_aclr_a" = "NONE"
    Info (12134): Parameter "outdata_reg_a" = "UNREGISTERED"
    Info (12134): Parameter "widthad_a" = "16"
    Info (12134): Parameter "width_a" = "32"
    Info (12134): Parameter "width_byteena_a" = "1"
Info (12021): Found 1 design units, including 1 entities, in source file db/altsyncram_21h1.tdf
    Info (12023): Found entity 1: altsyncram_21h1 File: C:/Users/Ignac/Documentos/Arqui1/PruebasDeProcesador/JAguero_IGrane_MGonzales-Digital_Desing_Workshop-2023-VersionConROMs/Proyecto/db/altsyncram_21h1.tdf Line: 32
Info (12128): Elaborating entity "altsyncram_21h1" for hierarchy "instructionROM:rom1|altsyncram:altsyncram_component|altsyncram_21h1:auto_generated" File: c:/intelfpga_lite/22.1std/quartus/libraries/megafunctions/altsyncram.tdf Line: 792
Info (12021): Found 1 design units, including 1 entities, in source file db/decode_61a.tdf
    Info (12023): Found entity 1: decode_61a File: C:/Users/Ignac/Documentos/Arqui1/PruebasDeProcesador/JAguero_IGrane_MGonzales-Digital_Desing_Workshop-2023-VersionConROMs/Proyecto/db/decode_61a.tdf Line: 23
Info (12128): Elaborating entity "decode_61a" for hierarchy "instructionROM:rom1|altsyncram:altsyncram_component|altsyncram_21h1:auto_generated|decode_61a:rden_decode" File: C:/Users/Ignac/Documentos/Arqui1/PruebasDeProcesador/JAguero_IGrane_MGonzales-Digital_Desing_Workshop-2023-VersionConROMs/Proyecto/db/altsyncram_21h1.tdf Line: 40
Info (12021): Found 1 design units, including 1 entities, in source file db/mux_ahb.tdf
    Info (12023): Found entity 1: mux_ahb File: C:/Users/Ignac/Documentos/Arqui1/PruebasDeProcesador/JAguero_IGrane_MGonzales-Digital_Desing_Workshop-2023-VersionConROMs/Proyecto/db/mux_ahb.tdf Line: 23
Info (12128): Elaborating entity "mux_ahb" for hierarchy "instructionROM:rom1|altsyncram:altsyncram_component|altsyncram_21h1:auto_generated|mux_ahb:mux2" File: C:/Users/Ignac/Documentos/Arqui1/PruebasDeProcesador/JAguero_IGrane_MGonzales-Digital_Desing_Workshop-2023-VersionConROMs/Proyecto/db/altsyncram_21h1.tdf Line: 41
Info (12128): Elaborating entity "RAMMemory" for hierarchy "RAMMemory:ram1" File: C:/Users/Ignac/Documentos/Arqui1/PruebasDeProcesador/JAguero_IGrane_MGonzales-Digital_Desing_Workshop-2023-VersionConROMs/Proyecto/top.sv Line: 36
Info (12128): Elaborating entity "altsyncram" for hierarchy "RAMMemory:ram1|altsyncram:altsyncram_component" File: C:/Users/Ignac/Documentos/Arqui1/PruebasDeProcesador/JAguero_IGrane_MGonzales-Digital_Desing_Workshop-2023-VersionConROMs/Proyecto/RAMMemory.v Line: 86
Info (12130): Elaborated megafunction instantiation "RAMMemory:ram1|altsyncram:altsyncram_component" File: C:/Users/Ignac/Documentos/Arqui1/PruebasDeProcesador/JAguero_IGrane_MGonzales-Digital_Desing_Workshop-2023-VersionConROMs/Proyecto/RAMMemory.v Line: 86
Info (12133): Instantiated megafunction "RAMMemory:ram1|altsyncram:altsyncram_component" with the following parameter: File: C:/Users/Ignac/Documentos/Arqui1/PruebasDeProcesador/JAguero_IGrane_MGonzales-Digital_Desing_Workshop-2023-VersionConROMs/Proyecto/RAMMemory.v Line: 86
    Info (12134): Parameter "clock_enable_input_a" = "BYPASS"
    Info (12134): Parameter "clock_enable_output_a" = "BYPASS"
    Info (12134): Parameter "init_file" = "RAM.mif"
    Info (12134): Parameter "intended_device_family" = "Cyclone V"
    Info (12134): Parameter "lpm_hint" = "ENABLE_RUNTIME_MOD=NO"
    Info (12134): Parameter "lpm_type" = "altsyncram"
    Info (12134): Parameter "numwords_a" = "65536"
    Info (12134): Parameter "operation_mode" = "SINGLE_PORT"
    Info (12134): Parameter "outdata_aclr_a" = "NONE"
    Info (12134): Parameter "outdata_reg_a" = "UNREGISTERED"
    Info (12134): Parameter "power_up_uninitialized" = "FALSE"
    Info (12134): Parameter "read_during_write_mode_port_a" = "NEW_DATA_NO_NBE_READ"
    Info (12134): Parameter "widthad_a" = "16"
    Info (12134): Parameter "width_a" = "32"
    Info (12134): Parameter "width_byteena_a" = "1"
Info (12021): Found 1 design units, including 1 entities, in source file db/altsyncram_t9o1.tdf
    Info (12023): Found entity 1: altsyncram_t9o1 File: C:/Users/Ignac/Documentos/Arqui1/PruebasDeProcesador/JAguero_IGrane_MGonzales-Digital_Desing_Workshop-2023-VersionConROMs/Proyecto/db/altsyncram_t9o1.tdf Line: 34
Info (12128): Elaborating entity "altsyncram_t9o1" for hierarchy "RAMMemory:ram1|altsyncram:altsyncram_component|altsyncram_t9o1:auto_generated" File: c:/intelfpga_lite/22.1std/quartus/libraries/megafunctions/altsyncram.tdf Line: 792
Info (12021): Found 1 design units, including 1 entities, in source file db/decode_dla.tdf
    Info (12023): Found entity 1: decode_dla File: C:/Users/Ignac/Documentos/Arqui1/PruebasDeProcesador/JAguero_IGrane_MGonzales-Digital_Desing_Workshop-2023-VersionConROMs/Proyecto/db/decode_dla.tdf Line: 23
Info (12128): Elaborating entity "decode_dla" for hierarchy "RAMMemory:ram1|altsyncram:altsyncram_component|altsyncram_t9o1:auto_generated|decode_dla:decode3" File: C:/Users/Ignac/Documentos/Arqui1/PruebasDeProcesador/JAguero_IGrane_MGonzales-Digital_Desing_Workshop-2023-VersionConROMs/Proyecto/db/altsyncram_t9o1.tdf Line: 44
Info (276014): Found 1 instances of uninferred RAM logic
    Info (276007): RAM logic "arm:arm1|datapath:dp|regfile:rf|rf" is uninferred due to asynchronous read logic File: C:/Users/Ignac/Documentos/Arqui1/PruebasDeProcesador/JAguero_IGrane_MGonzales-Digital_Desing_Workshop-2023-VersionConROMs/Proyecto/regfile.sv Line: 8
Info (286030): Timing-Driven Synthesis is running
Info (144001): Generated suppressed messages file C:/Users/Ignac/Documentos/Arqui1/PruebasDeProcesador/JAguero_IGrane_MGonzales-Digital_Desing_Workshop-2023-VersionConROMs/Proyecto/output_files/Processor.map.smsg
Info (16010): Generating hard_block partition "hard_block:auto_generated_inst"
    Info (16011): Adding 0 node(s), including 0 DDIO, 0 PLL, 0 transceiver and 0 LCELL
Info (21057): Implemented 2091 device resources after synthesis - the final resource count might be different
    Info (21058): Implemented 2 input pins
    Info (21059): Implemented 65 output pins
    Info (21061): Implemented 1512 logic cells
    Info (21064): Implemented 512 RAM segments
Info: Quartus Prime Analysis & Synthesis was successful. 0 errors, 3 warnings
    Info: Peak virtual memory: 4892 megabytes
    Info: Processing ended: Wed May  8 12:45:19 2024
    Info: Elapsed time: 00:00:22
    Info: Total CPU time (on all processors): 00:00:30


+------------------------------------------+
; Analysis & Synthesis Suppressed Messages ;
+------------------------------------------+
The suppressed messages can be found in C:/Users/Ignac/Documentos/Arqui1/PruebasDeProcesador/JAguero_IGrane_MGonzales-Digital_Desing_Workshop-2023-VersionConROMs/Proyecto/output_files/Processor.map.smsg.


